<?xml version="1.0" encoding="UTF-8"?>
<!-- Generated by org.testng.reporters.JUnitReportReporter -->
<testsuite hostname="DESKTOP-52D0HCV" failures="0" tests="3" name="testCases.AllTestCases" time="59.789" errors="0" timestamp="2023-06-18T10:08:01 IST" skipped="2">
  <testcase classname="testCases.AllTestCases" name="verifyCourses" time="59.789"/>
  <system-out/>
  <testcase classname="testCases.AllTestCases" name="verifyLanguageLearning">
    <skipped/>
  </testcase> <!-- verifyLanguageLearning -->
  <system-out/>
  <testcase classname="testCases.AllTestCases" name="campusContact">
    <skipped/>
  </testcase> <!-- campusContact -->
  <system-out/>
</testsuite> <!-- testCases.AllTestCases -->
