<?xml version="1.0" encoding="UTF-8"?>
<!-- Generated by org.testng.reporters.JUnitReportReporter -->
<testsuite hostname="DESKTOP-52D0HCV" failures="0" tests="7" name="testCases.AllTestCases" time="305.757" errors="0" timestamp="2023-06-18T10:58:37 IST" skipped="0">
  <testcase classname="testCases.AllTestCases" name="verifyCourses" time="17.227"/>
  <system-out/>
  <testcase classname="testCases.AllTestCases" name="campusContact" time="71.188"/>
  <system-out/>
  <testcase classname="testCases.AllTestCases" name="campusContact" time="64.752"/>
  <system-out/>
  <testcase classname="testCases.AllTestCases" name="verifyLanguageLearning" time="35.220"/>
  <system-out/>
  <testcase classname="testCases.AllTestCases" name="verifyLanguageLearning" time="51.959"/>
  <system-out/>
  <testcase classname="testCases.AllTestCases" name="verifyLanguageLearning" time="34.198"/>
  <system-out/>
  <testcase classname="testCases.AllTestCases" name="verifyLanguageLearning" time="31.213"/>
  <system-out/>
</testsuite> <!-- testCases.AllTestCases -->
