<?xml version="1.0" encoding="UTF-8"?>
<!-- Generated by org.testng.reporters.JUnitReportReporter -->
<testsuite hostname="DESKTOP-52D0HCV" failures="0" tests="7" name="testCases.AllTestCases" time="343.685" errors="0" timestamp="2023-06-18T10:15:55 IST" skipped="0">
  <testcase classname="testCases.AllTestCases" name="verifyCourses" time="65.036"/>
  <system-out/>
  <testcase classname="testCases.AllTestCases" name="campusContact" time="66.867"/>
  <system-out/>
  <testcase classname="testCases.AllTestCases" name="campusContact" time="59.981"/>
  <system-out/>
  <testcase classname="testCases.AllTestCases" name="verifyLanguageLearning" time="45.083"/>
  <system-out/>
  <testcase classname="testCases.AllTestCases" name="verifyLanguageLearning" time="42.937"/>
  <system-out/>
  <testcase classname="testCases.AllTestCases" name="verifyLanguageLearning" time="44.848"/>
  <system-out/>
  <testcase classname="testCases.AllTestCases" name="verifyLanguageLearning" time="18.933"/>
  <system-out/>
</testsuite> <!-- testCases.AllTestCases -->
