<?xml version="1.0" encoding="UTF-8"?>
<!-- Generated by org.testng.reporters.JUnitReportReporter -->
<testsuite hostname="DESKTOP-52D0HCV" failures="0" tests="6" name="testCases.AllTestCases" time="317.986" errors="0" timestamp="2023-06-18T09:31:29 IST" skipped="2">
  <testcase classname="testCases.AllTestCases" name="verifyLanguageLearning" time="20.962"/>
  <system-out/>
  <testcase classname="testCases.AllTestCases" name="verifyLanguageLearning" time="142.687"/>
  <system-out/>
  <testcase classname="testCases.AllTestCases" name="verifyLanguageLearning" time="135.261"/>
  <system-out/>
  <testcase classname="testCases.AllTestCases" name="verifyLanguageLearning" time="19.076"/>
  <system-out/>
  <testcase classname="testCases.AllTestCases" name="campusContact">
    <skipped/>
  </testcase> <!-- campusContact -->
  <system-out/>
  <testcase classname="testCases.AllTestCases" name="verifyCourses">
    <skipped/>
  </testcase> <!-- verifyCourses -->
  <system-out/>
</testsuite> <!-- testCases.AllTestCases -->
