<?xml version="1.0" encoding="UTF-8"?>
<!-- Generated by org.testng.reporters.JUnitReportReporter -->
<testsuite hostname="DESKTOP-52D0HCV" failures="0" tests="6" name="testCases.AllTestCases" time="203.052" errors="0" timestamp="2023-06-17T23:18:35 IST" skipped="2">
  <testcase classname="testCases.AllTestCases" name="verifyLanguageLearning" time="27.638"/>
  <system-out/>
  <testcase classname="testCases.AllTestCases" name="verifyLanguageLearning" time="16.897"/>
  <system-out/>
  <testcase classname="testCases.AllTestCases" name="verifyLanguageLearning" time="18.710"/>
  <system-out/>
  <testcase classname="testCases.AllTestCases" name="verifyLanguageLearning" time="139.807"/>
  <system-out/>
  <testcase classname="testCases.AllTestCases" name="campusContact">
    <skipped/>
  </testcase> <!-- campusContact -->
  <system-out/>
  <testcase classname="testCases.AllTestCases" name="verifyCourses">
    <skipped/>
  </testcase> <!-- verifyCourses -->
  <system-out/>
</testsuite> <!-- testCases.AllTestCases -->
