<?xml version="1.0" encoding="UTF-8"?>
<!-- Generated by org.testng.reporters.JUnitReportReporter -->
<testsuite hostname="DESKTOP-52D0HCV" failures="0" tests="7" name="testCases.AllTestCases" time="254.486" errors="0" timestamp="2023-06-18T10:48:55 IST" skipped="0">
  <testcase classname="testCases.AllTestCases" name="verifyCourses" time="19.923"/>
  <system-out/>
  <testcase classname="testCases.AllTestCases" name="campusContact" time="47.691"/>
  <system-out/>
  <testcase classname="testCases.AllTestCases" name="campusContact" time="65.031"/>
  <system-out/>
  <testcase classname="testCases.AllTestCases" name="verifyLanguageLearning" time="41.580"/>
  <system-out/>
  <testcase classname="testCases.AllTestCases" name="verifyLanguageLearning" time="31.418"/>
  <system-out/>
  <testcase classname="testCases.AllTestCases" name="verifyLanguageLearning" time="20.243"/>
  <system-out/>
  <testcase classname="testCases.AllTestCases" name="verifyLanguageLearning" time="28.600"/>
  <system-out/>
</testsuite> <!-- testCases.AllTestCases -->
